<?xml version="1.0" encoding="UTF-8"?>
<!-- Generated by org.testng.reporters.JUnitReportReporter -->
<testsuite hostname="DESKTOP-L2B07D5" failures="0" tests="1" name="testCases.TC_AddCustomerTest_003" time="94.885" errors="0" timestamp="04 Sep 2022 14:40:22 GMT" skipped="0">
  <testcase classname="testCases.TC_AddCustomerTest_003" name="addNewCustomer" time="94.885"/>
</testsuite> <!-- testCases.TC_AddCustomerTest_003 -->
