<?xml version="1.0" encoding="UTF-8"?>
<!-- Generated by org.testng.reporters.JUnitReportReporter -->
<testsuite hostname="DESKTOP-L2B07D5" failures="0" tests="1" name="testCases.TC_LoginTest_001" time="9.317" errors="0" timestamp="04 Sep 2022 14:40:22 GMT" skipped="0">
  <testcase classname="testCases.TC_LoginTest_001" name="loginTest" time="9.317"/>
</testsuite> <!-- testCases.TC_LoginTest_001 -->
