<?xml version="1.0" encoding="UTF-8"?>
<!-- Generated by org.testng.reporters.JUnitReportReporter -->
<testsuite skipped="0" hostname="DESKTOP-L2B07D5" name="testCases.TC_AddCustomerTest_003" tests="1" failures="0" timestamp="04 Sep 2022 16:58:27 GMT" time="21.799" errors="0">
  <testcase name="addNewCustomer" time="21.799" classname="testCases.TC_AddCustomerTest_003"/>
</testsuite> <!-- testCases.TC_AddCustomerTest_003 -->
